  physics.cpp
c:\users\huiyu\source\repos\mecanic\src\physics.cpp(147): warning C4244: 'argument': conversion from 'time_t' to 'unsigned int', possible loss of data
c:\users\huiyu\source\repos\mecanic\src\physics.cpp(212): warning C4244: '=': conversion from 'double' to 'float', possible loss of data
c:\users\huiyu\source\repos\mecanic\src\physics.cpp(262): warning C4244: '=': conversion from 'double' to 'float', possible loss of data
c:\users\huiyu\source\repos\mecanic\src\physics.cpp(349): warning C4244: '=': conversion from 'double' to 'float', possible loss of data
c:\users\huiyu\source\repos\mecanic\src\physics.cpp(354): warning C4305: 'argument': truncation from 'double' to 'float'
c:\users\huiyu\source\repos\mecanic\src\physics.cpp(358): warning C4244: '=': conversion from 'double' to 'float', possible loss of data
c:\users\huiyu\source\repos\mecanic\src\physics.cpp(362): warning C4305: 'argument': truncation from 'double' to 'float'
c:\users\huiyu\source\repos\mecanic\src\physics.cpp(366): warning C4244: '=': conversion from 'double' to 'float', possible loss of data
c:\users\huiyu\source\repos\mecanic\src\physics.cpp(371): warning C4305: 'argument': truncation from 'double' to 'float'
c:\users\huiyu\source\repos\mecanic\src\physics.cpp(376): warning C4244: '=': conversion from 'double' to 'float', possible loss of data
c:\users\huiyu\source\repos\mecanic\src\physics.cpp(382): warning C4305: 'argument': truncation from 'double' to 'float'
c:\users\huiyu\source\repos\mecanic\src\physics.cpp(387): warning C4244: '=': conversion from 'double' to 'float', possible loss of data
c:\users\huiyu\source\repos\mecanic\src\physics.cpp(392): warning C4305: 'argument': truncation from 'double' to 'float'
c:\users\huiyu\source\repos\mecanic\src\physics.cpp(396): warning C4244: '=': conversion from 'double' to 'float', possible loss of data
c:\users\huiyu\source\repos\mecanic\src\physics.cpp(401): warning C4305: 'argument': truncation from 'double' to 'float'
c:\users\huiyu\source\repos\mecanic\src\physics.cpp(408): warning C4305: 'argument': truncation from 'double' to 'float'
c:\users\huiyu\source\repos\mecanic\src\physics.cpp(408): warning C4244: 'argument': conversion from 'float' to 'int', possible loss of data
c:\users\huiyu\source\repos\mecanic\src\physics.cpp(451): warning C4244: '=': conversion from 'double' to 'float', possible loss of data
c:\users\huiyu\source\repos\mecanic\src\physics.cpp(472): warning C4244: '=': conversion from 'double' to 'float', possible loss of data
c:\users\huiyu\source\repos\mecanic\src\physics.cpp(491): warning C4244: '=': conversion from 'double' to 'float', possible loss of data
c:\users\huiyu\source\repos\mecanic\src\physics.cpp(512): warning C4244: '=': conversion from 'double' to 'float', possible loss of data
c:\users\huiyu\source\repos\mecanic\src\physics.cpp(538): warning C4244: '=': conversion from 'double' to 'float', possible loss of data
c:\users\huiyu\source\repos\mecanic\src\physics.cpp(582): warning C4244: '=': conversion from 'double' to 'float', possible loss of data
  GL_framework.vcxproj -> C:\Users\huiyu\Source\Repos\Mecanic\x64\Debug\GL_framework.exe
  GL_framework.vcxproj -> C:\Users\huiyu\Source\Repos\Mecanic\x64\Debug\GL_framework.pdb (Partial PDB)
  0 archivo(s) copiado(s)
  0 archivo(s) copiado(s)
